000 (22223048.000.000) 12/27 16:16:10 Job submitted from host: <128.83.130.186:34877>
...
001 (22223048.000.000) 12/27 16:16:13 Job executing on host: <128.83.120.197:43676>
...
006 (22223048.000.000) 12/27 16:16:22 Image size of job updated: 5000
	3  -  MemoryUsage of job (MB)
	2372  -  ResidentSetSize of job (KB)
...
006 (22223048.000.000) 12/27 16:21:22 Image size of job updated: 3468120
	3195  -  MemoryUsage of job (MB)
	3271480  -  ResidentSetSize of job (KB)
...
006 (22223048.000.000) 12/27 16:26:22 Image size of job updated: 6311932
	5961  -  MemoryUsage of job (MB)
	6103692  -  ResidentSetSize of job (KB)
...
006 (22223048.000.000) 12/27 16:31:23 Image size of job updated: 7908244
	7558  -  MemoryUsage of job (MB)
	7738832  -  ResidentSetSize of job (KB)
...
006 (22223048.000.000) 12/27 16:36:24 Image size of job updated: 10136628
	9705  -  MemoryUsage of job (MB)
	9937304  -  ResidentSetSize of job (KB)
...
006 (22223048.000.000) 12/27 16:41:24 Image size of job updated: 11260312
	10821  -  MemoryUsage of job (MB)
	11080456  -  ResidentSetSize of job (KB)
...
006 (22223048.000.000) 12/27 16:46:24 Image size of job updated: 14593940
	14077  -  MemoryUsage of job (MB)
	14414244  -  ResidentSetSize of job (KB)
...
006 (22223048.000.000) 12/27 16:51:26 Image size of job updated: 16833532
	16278  -  MemoryUsage of job (MB)
	16668020  -  ResidentSetSize of job (KB)
...
006 (22223048.000.000) 12/27 16:56:26 Image size of job updated: 19566384
	18878  -  MemoryUsage of job (MB)
	19330352  -  ResidentSetSize of job (KB)
...
006 (22223048.000.000) 12/27 17:01:26 Image size of job updated: 23010696
	22317  -  MemoryUsage of job (MB)
	22852196  -  ResidentSetSize of job (KB)
...
006 (22223048.000.000) 12/27 17:06:27 Image size of job updated: 24496336
	23744  -  MemoryUsage of job (MB)
	24313328  -  ResidentSetSize of job (KB)
...
006 (22223048.000.000) 12/27 17:11:28 Image size of job updated: 25318936
	24544  -  MemoryUsage of job (MB)
	25132644  -  ResidentSetSize of job (KB)
...
006 (22223048.000.000) 12/27 17:16:28 Image size of job updated: 25823480
	25050  -  MemoryUsage of job (MB)
	25651092  -  ResidentSetSize of job (KB)
...
006 (22223048.000.000) 12/27 17:21:28 Image size of job updated: 30496524
	29568  -  MemoryUsage of job (MB)
	30276908  -  ResidentSetSize of job (KB)
...
006 (22223048.000.000) 12/27 17:26:30 Image size of job updated: 32471892
	31064  -  MemoryUsage of job (MB)
	31808892  -  ResidentSetSize of job (KB)
...
006 (22223048.000.000) 12/27 17:31:30 Image size of job updated: 33736788
	31064  -  MemoryUsage of job (MB)
	31808892  -  ResidentSetSize of job (KB)
...
006 (22223048.000.000) 12/27 17:36:30 Image size of job updated: 34631392
	31064  -  MemoryUsage of job (MB)
	31808892  -  ResidentSetSize of job (KB)
...
006 (22223048.000.000) 12/27 17:41:31 Image size of job updated: 35375616
	31064  -  MemoryUsage of job (MB)
	31808892  -  ResidentSetSize of job (KB)
...
005 (22223048.000.000) 12/27 17:41:33 Job terminated.
	(0) Abnormal termination (signal 7)
	(0) No core file
		Usr 0 02:08:06, Sys 0 00:56:45  -  Run Remote Usage
		Usr 0 00:00:00, Sys 0 00:00:00  -  Run Local Usage
		Usr 0 02:08:06, Sys 0 00:56:45  -  Total Remote Usage
		Usr 0 00:00:00, Sys 0 00:00:00  -  Total Local Usage
	0  -  Run Bytes Sent By Job
	0  -  Run Bytes Received By Job
	0  -  Total Bytes Sent By Job
	0  -  Total Bytes Received By Job
	Partitionable Resources :    Usage  Request          
	   Cpus                 :                 1          
	   Disk (KB)            :     5000     5000          
	   Memory (MB)          :    31064    31064          
...
