This file contains any messages produced by compilers while
running configure, to aid debugging if configure makes a mistake.

It was created by configure, which was
generated by GNU Autoconf 2.65.  Invocation command line was

  $ ./configure 

## --------- ##
## Platform. ##
## --------- ##

hostname = streetpizza
uname -m = x86_64
uname -r = 2.6.32-45-server
uname -s = Linux
uname -v = #101-Ubuntu SMP Mon Dec 3 15:54:27 UTC 2012

/usr/bin/uname -p = unknown
/bin/uname -X     = unknown

/bin/arch              = unknown
/usr/bin/arch -k       = unknown
/usr/convex/getsysinfo = unknown
/usr/bin/hostinfo      = unknown
/bin/machine           = unknown
/usr/bin/oslevel       = unknown
/bin/universe          = unknown

PATH: /lusr/sbin
PATH: /lusr/bin
PATH: /usr/sbin
PATH: /usr/bin
PATH: /sbin
PATH: /bin
PATH: /usr/games
PATH: /lusr/bin/tex


## ----------- ##
## Core tests. ##
## ----------- ##

configure:2627: checking build system type
configure:2641: result: x86_64-unknown-linux-gnu
configure:2661: checking host system type
configure:2674: result: x86_64-unknown-linux-gnu
configure:2694: checking target system type
configure:2707: result: x86_64-unknown-linux-gnu
configure:2750: checking for a BSD-compatible install
configure:2818: result: /usr/bin/install -c
configure:2829: checking whether build environment is sane
configure:2879: result: yes
configure:3020: checking for a thread-safe mkdir -p
configure:3059: result: /bin/mkdir -p
configure:3072: checking for gawk
configure:3088: found /usr/bin/gawk
configure:3099: result: gawk
configure:3110: checking whether make sets $(MAKE)
configure:3132: result: yes
configure:3553: checking for style of include used by make
configure:3581: result: GNU
configure:3651: checking for gcc
configure:3667: found /usr/bin/gcc
configure:3678: result: gcc
configure:3907: checking for C compiler version
configure:3916: gcc --version >&5
gcc (Ubuntu 4.4.3-4ubuntu5.1) 4.4.3
Copyright (C) 2009 Free Software Foundation, Inc.
This is free software; see the source for copying conditions.  There is NO
warranty; not even for MERCHANTABILITY or FITNESS FOR A PARTICULAR PURPOSE.

configure:3927: $? = 0
configure:3916: gcc -v >&5
Using built-in specs.
Target: x86_64-linux-gnu
Configured with: ../src/configure -v --with-pkgversion='Ubuntu 4.4.3-4ubuntu5.1' --with-bugurl=file:///usr/share/doc/gcc-4.4/README.Bugs --enable-languages=c,c++,fortran,objc,obj-c++ --prefix=/usr --enable-shared --enable-multiarch --enable-linker-build-id --with-system-zlib --libexecdir=/usr/lib --without-included-gettext --enable-threads=posix --with-gxx-include-dir=/usr/include/c++/4.4 --program-suffix=-4.4 --enable-nls --enable-clocale=gnu --enable-libstdcxx-debug --enable-plugin --enable-objc-gc --disable-werror --with-arch-32=i486 --with-tune=generic --enable-checking=release --build=x86_64-linux-gnu --host=x86_64-linux-gnu --target=x86_64-linux-gnu
Thread model: posix
gcc version 4.4.3 (Ubuntu 4.4.3-4ubuntu5.1) 
configure:3927: $? = 0
configure:3916: gcc -V >&5
gcc: '-V' option must have argument
configure:3927: $? = 1
configure:3916: gcc -qversion >&5
gcc: unrecognized option '-qversion'
gcc: no input files
configure:3927: $? = 1
configure:3947: checking whether the C compiler works
configure:3969: gcc    conftest.c  >&5
configure:3973: $? = 0
configure:4022: result: yes
configure:4025: checking for C compiler default output file name
configure:4027: result: a.out
configure:4033: checking for suffix of executables
configure:4040: gcc -o conftest    conftest.c  >&5
configure:4044: $? = 0
configure:4066: result: 
configure:4088: checking whether we are cross compiling
configure:4096: gcc -o conftest    conftest.c  >&5
configure:4100: $? = 0
configure:4107: ./conftest
configure:4111: $? = 0
configure:4126: result: no
configure:4131: checking for suffix of object files
configure:4153: gcc -c   conftest.c >&5
configure:4157: $? = 0
configure:4178: result: o
configure:4182: checking whether we are using the GNU C compiler
configure:4201: gcc -c   conftest.c >&5
configure:4201: $? = 0
configure:4210: result: yes
configure:4219: checking whether gcc accepts -g
configure:4239: gcc -c -g  conftest.c >&5
configure:4239: $? = 0
configure:4280: result: yes
configure:4297: checking for gcc option to accept ISO C89
configure:4361: gcc  -c -g -O2  conftest.c >&5
configure:4361: $? = 0
configure:4374: result: none needed
configure:4396: checking dependency style of gcc
configure:4506: result: gcc3
configure:4521: checking for a sed that does not truncate output
configure:4585: result: /bin/sed
configure:4603: checking for grep that handles long lines and -e
configure:4661: result: /bin/grep
configure:4666: checking for egrep
configure:4728: result: /bin/grep -E
configure:4733: checking for fgrep
configure:4795: result: /bin/grep -F
configure:4830: checking for ld used by gcc
configure:4897: result: /usr/bin/ld
configure:4904: checking if the linker (/usr/bin/ld) is GNU ld
configure:4919: result: yes
configure:4931: checking for BSD- or MS-compatible name lister (nm)
configure:4980: result: /usr/bin/nm -B
configure:5098: checking the name lister (/usr/bin/nm -B) interface
configure:5105: gcc -c -g -O2  conftest.c >&5
configure:5108: /usr/bin/nm -B "conftest.o"
configure:5111: output
0000000000000000 B some_variable
configure:5118: result: BSD nm
configure:5121: checking whether ln -s works
configure:5125: result: yes
configure:5133: checking the maximum length of command line arguments
configure:5253: result: 1572864
configure:5270: checking whether the shell understands some XSI constructs
configure:5280: result: yes
configure:5284: checking whether the shell understands "+="
configure:5290: result: yes
configure:5325: checking for /usr/bin/ld option to reload object files
configure:5332: result: -r
configure:5401: checking for objdump
configure:5428: result: objdump
configure:5457: checking how to recognize dependent libraries
configure:5653: result: pass_all
configure:5713: checking for ar
configure:5729: found /usr/bin/ar
configure:5740: result: ar
configure:5818: checking for strip
configure:5834: found /usr/bin/strip
configure:5845: result: strip
configure:5917: checking for ranlib
configure:5933: found /usr/bin/ranlib
configure:5944: result: ranlib
configure:6034: checking command to parse /usr/bin/nm -B output from gcc object
configure:6152: gcc -c -g -O2  conftest.c >&5
configure:6155: $? = 0
configure:6159: /usr/bin/nm -B conftest.o \| sed -n -e 's/^.*[	 ]\([ABCDGIRSTW][ABCDGIRSTW]*\)[	 ][	 ]*\([_A-Za-z][_A-Za-z0-9]*\)$/\1 \2 \2/p' \> conftest.nm
configure:6162: $? = 0
configure:6216: gcc -o conftest -g -O2   conftest.c conftstm.o >&5
configure:6219: $? = 0
configure:6257: result: ok
configure:6353: gcc -c -g -O2  conftest.c >&5
configure:6356: $? = 0
configure:7066: checking how to run the C preprocessor
configure:7097: gcc -E  conftest.c
configure:7097: $? = 0
configure:7111: gcc -E  conftest.c
conftest.c:11:28: error: ac_nonexistent.h: No such file or directory
configure:7111: $? = 1
configure: failed program was:
| /* confdefs.h */
| #define PACKAGE_NAME ""
| #define PACKAGE_TARNAME ""
| #define PACKAGE_VERSION ""
| #define PACKAGE_STRING ""
| #define PACKAGE_BUGREPORT ""
| #define PACKAGE_URL ""
| #define PACKAGE "SDL_gfx"
| #define VERSION "2.0.24"
| /* end confdefs.h.  */
| #include <ac_nonexistent.h>
configure:7136: result: gcc -E
configure:7156: gcc -E  conftest.c
configure:7156: $? = 0
configure:7170: gcc -E  conftest.c
conftest.c:11:28: error: ac_nonexistent.h: No such file or directory
configure:7170: $? = 1
configure: failed program was:
| /* confdefs.h */
| #define PACKAGE_NAME ""
| #define PACKAGE_TARNAME ""
| #define PACKAGE_VERSION ""
| #define PACKAGE_STRING ""
| #define PACKAGE_BUGREPORT ""
| #define PACKAGE_URL ""
| #define PACKAGE "SDL_gfx"
| #define VERSION "2.0.24"
| /* end confdefs.h.  */
| #include <ac_nonexistent.h>
configure:7199: checking for ANSI C header files
configure:7219: gcc -c -g -O2  conftest.c >&5
configure:7219: $? = 0
configure:7292: gcc -o conftest -g -O2   conftest.c  >&5
configure:7292: $? = 0
configure:7292: ./conftest
configure:7292: $? = 0
configure:7303: result: yes
configure:7316: checking for sys/types.h
configure:7316: gcc -c -g -O2  conftest.c >&5
configure:7316: $? = 0
configure:7316: result: yes
configure:7316: checking for sys/stat.h
configure:7316: gcc -c -g -O2  conftest.c >&5
configure:7316: $? = 0
configure:7316: result: yes
configure:7316: checking for stdlib.h
configure:7316: gcc -c -g -O2  conftest.c >&5
configure:7316: $? = 0
configure:7316: result: yes
configure:7316: checking for string.h
configure:7316: gcc -c -g -O2  conftest.c >&5
configure:7316: $? = 0
configure:7316: result: yes
configure:7316: checking for memory.h
configure:7316: gcc -c -g -O2  conftest.c >&5
configure:7316: $? = 0
configure:7316: result: yes
configure:7316: checking for strings.h
configure:7316: gcc -c -g -O2  conftest.c >&5
configure:7316: $? = 0
configure:7316: result: yes
configure:7316: checking for inttypes.h
configure:7316: gcc -c -g -O2  conftest.c >&5
configure:7316: $? = 0
configure:7316: result: yes
configure:7316: checking for stdint.h
configure:7316: gcc -c -g -O2  conftest.c >&5
configure:7316: $? = 0
configure:7316: result: yes
configure:7316: checking for unistd.h
configure:7316: gcc -c -g -O2  conftest.c >&5
configure:7316: $? = 0
configure:7316: result: yes
configure:7331: checking for dlfcn.h
configure:7331: gcc -c -g -O2  conftest.c >&5
configure:7331: $? = 0
configure:7331: result: yes
configure:7513: checking for objdir
configure:7528: result: .libs
configure:7824: checking if gcc supports -fno-rtti -fno-exceptions
configure:7842: gcc -c -g -O2  -fno-rtti -fno-exceptions conftest.c >&5
cc1: warning: command line option "-fno-rtti" is valid for C++/ObjC++ but not for C
configure:7846: $? = 0
configure:7859: result: no
configure:7879: checking for gcc option to produce PIC
configure:8151: result: -fPIC -DPIC
configure:8163: checking if gcc PIC flag -fPIC -DPIC works
configure:8181: gcc -c -g -O2  -fPIC -DPIC -DPIC conftest.c >&5
configure:8185: $? = 0
configure:8198: result: yes
configure:8222: checking if gcc static flag -static works
configure:8250: result: yes
configure:8265: checking if gcc supports -c -o file.o
configure:8286: gcc -c -g -O2  -o out/conftest2.o conftest.c >&5
configure:8290: $? = 0
configure:8312: result: yes
configure:8320: checking if gcc supports -c -o file.o
configure:8367: result: yes
configure:8400: checking whether the gcc linker (/usr/bin/ld -m elf_x86_64) supports shared libraries
configure:9391: result: yes
configure:9428: checking whether -lc should be explicitly linked in
configure:9433: gcc -c -g -O2  conftest.c >&5
configure:9436: $? = 0
configure:9451: gcc -shared conftest.o  -v -Wl,-soname -Wl,conftest -o conftest 2\>\&1 \| /bin/grep  -lc  \>/dev/null 2\>\&1
configure:9454: $? = 0
configure:9466: result: no
configure:9630: checking dynamic linker characteristics
configure:10063: gcc -o conftest -g -O2   -Wl,-rpath -Wl,/foo conftest.c  >&5
configure:10063: $? = 0
configure:10293: result: GNU/Linux ld.so
configure:10395: checking how to hardcode library paths into programs
configure:10420: result: immediate
configure:10940: checking whether stripping libraries is possible
configure:10945: result: yes
configure:10980: checking if libtool supports shared libraries
configure:10982: result: yes
configure:10985: checking whether to build shared libraries
configure:11006: result: yes
configure:11009: checking whether to build static libraries
configure:11013: result: yes
configure:11048: checking whether make sets $(MAKE)
configure:11070: result: yes
configure:11127: checking for gcc
configure:11154: result: gcc
configure:11383: checking for C compiler version
configure:11392: gcc --version >&5
gcc (Ubuntu 4.4.3-4ubuntu5.1) 4.4.3
Copyright (C) 2009 Free Software Foundation, Inc.
This is free software; see the source for copying conditions.  There is NO
warranty; not even for MERCHANTABILITY or FITNESS FOR A PARTICULAR PURPOSE.

configure:11403: $? = 0
configure:11392: gcc -v >&5
Using built-in specs.
Target: x86_64-linux-gnu
Configured with: ../src/configure -v --with-pkgversion='Ubuntu 4.4.3-4ubuntu5.1' --with-bugurl=file:///usr/share/doc/gcc-4.4/README.Bugs --enable-languages=c,c++,fortran,objc,obj-c++ --prefix=/usr --enable-shared --enable-multiarch --enable-linker-build-id --with-system-zlib --libexecdir=/usr/lib --without-included-gettext --enable-threads=posix --with-gxx-include-dir=/usr/include/c++/4.4 --program-suffix=-4.4 --enable-nls --enable-clocale=gnu --enable-libstdcxx-debug --enable-plugin --enable-objc-gc --disable-werror --with-arch-32=i486 --with-tune=generic --enable-checking=release --build=x86_64-linux-gnu --host=x86_64-linux-gnu --target=x86_64-linux-gnu
Thread model: posix
gcc version 4.4.3 (Ubuntu 4.4.3-4ubuntu5.1) 
configure:11403: $? = 0
configure:11392: gcc -V >&5
gcc: '-V' option must have argument
configure:11403: $? = 1
configure:11392: gcc -qversion >&5
gcc: unrecognized option '-qversion'
gcc: no input files
configure:11403: $? = 1
configure:11407: checking whether we are using the GNU C compiler
configure:11435: result: yes
configure:11444: checking whether gcc accepts -g
configure:11505: result: yes
configure:11522: checking for gcc option to accept ISO C89
configure:11599: result: none needed
configure:11621: checking dependency style of gcc
configure:11731: result: gcc3
configure:11804: checking for g++
configure:11820: found /usr/bin/g++
configure:11831: result: g++
configure:11858: checking for C++ compiler version
configure:11867: g++ --version >&5
g++ (Ubuntu 4.4.3-4ubuntu5.1) 4.4.3
Copyright (C) 2009 Free Software Foundation, Inc.
This is free software; see the source for copying conditions.  There is NO
warranty; not even for MERCHANTABILITY or FITNESS FOR A PARTICULAR PURPOSE.

configure:11878: $? = 0
configure:11867: g++ -v >&5
Using built-in specs.
Target: x86_64-linux-gnu
Configured with: ../src/configure -v --with-pkgversion='Ubuntu 4.4.3-4ubuntu5.1' --with-bugurl=file:///usr/share/doc/gcc-4.4/README.Bugs --enable-languages=c,c++,fortran,objc,obj-c++ --prefix=/usr --enable-shared --enable-multiarch --enable-linker-build-id --with-system-zlib --libexecdir=/usr/lib --without-included-gettext --enable-threads=posix --with-gxx-include-dir=/usr/include/c++/4.4 --program-suffix=-4.4 --enable-nls --enable-clocale=gnu --enable-libstdcxx-debug --enable-plugin --enable-objc-gc --disable-werror --with-arch-32=i486 --with-tune=generic --enable-checking=release --build=x86_64-linux-gnu --host=x86_64-linux-gnu --target=x86_64-linux-gnu
Thread model: posix
gcc version 4.4.3 (Ubuntu 4.4.3-4ubuntu5.1) 
configure:11878: $? = 0
configure:11867: g++ -V >&5
g++: '-V' option must have argument
configure:11878: $? = 1
configure:11867: g++ -qversion >&5
g++: unrecognized option '-qversion'
g++: no input files
configure:11878: $? = 1
configure:11882: checking whether we are using the GNU C++ compiler
configure:11901: g++ -c   conftest.cpp >&5
configure:11901: $? = 0
configure:11910: result: yes
configure:11919: checking whether g++ accepts -g
configure:11939: g++ -c -g  conftest.cpp >&5
configure:11939: $? = 0
configure:11980: result: yes
configure:12005: checking dependency style of g++
configure:12115: result: gcc3
configure:12243: checking for C++ compiler version
configure:12252: g++ --version >&5
g++ (Ubuntu 4.4.3-4ubuntu5.1) 4.4.3
Copyright (C) 2009 Free Software Foundation, Inc.
This is free software; see the source for copying conditions.  There is NO
warranty; not even for MERCHANTABILITY or FITNESS FOR A PARTICULAR PURPOSE.

configure:12263: $? = 0
configure:12252: g++ -v >&5
Using built-in specs.
Target: x86_64-linux-gnu
Configured with: ../src/configure -v --with-pkgversion='Ubuntu 4.4.3-4ubuntu5.1' --with-bugurl=file:///usr/share/doc/gcc-4.4/README.Bugs --enable-languages=c,c++,fortran,objc,obj-c++ --prefix=/usr --enable-shared --enable-multiarch --enable-linker-build-id --with-system-zlib --libexecdir=/usr/lib --without-included-gettext --enable-threads=posix --with-gxx-include-dir=/usr/include/c++/4.4 --program-suffix=-4.4 --enable-nls --enable-clocale=gnu --enable-libstdcxx-debug --enable-plugin --enable-objc-gc --disable-werror --with-arch-32=i486 --with-tune=generic --enable-checking=release --build=x86_64-linux-gnu --host=x86_64-linux-gnu --target=x86_64-linux-gnu
Thread model: posix
gcc version 4.4.3 (Ubuntu 4.4.3-4ubuntu5.1) 
configure:12263: $? = 0
configure:12252: g++ -V >&5
g++: '-V' option must have argument
configure:12263: $? = 1
configure:12252: g++ -qversion >&5
g++: unrecognized option '-qversion'
g++: no input files
configure:12263: $? = 1
configure:12267: checking whether we are using the GNU C++ compiler
configure:12295: result: yes
configure:12304: checking whether g++ accepts -g
configure:12365: result: yes
configure:12390: checking dependency style of g++
configure:12500: result: gcc3
configure:12523: checking how to run the C++ preprocessor
configure:12550: g++ -E  conftest.cpp
configure:12550: $? = 0
configure:12564: g++ -E  conftest.cpp
conftest.cpp:23:28: error: ac_nonexistent.h: No such file or directory
configure:12564: $? = 1
configure: failed program was:
| /* confdefs.h */
| #define PACKAGE_NAME ""
| #define PACKAGE_TARNAME ""
| #define PACKAGE_VERSION ""
| #define PACKAGE_STRING ""
| #define PACKAGE_BUGREPORT ""
| #define PACKAGE_URL ""
| #define PACKAGE "SDL_gfx"
| #define VERSION "2.0.24"
| #define STDC_HEADERS 1
| #define HAVE_SYS_TYPES_H 1
| #define HAVE_SYS_STAT_H 1
| #define HAVE_STDLIB_H 1
| #define HAVE_STRING_H 1
| #define HAVE_MEMORY_H 1
| #define HAVE_STRINGS_H 1
| #define HAVE_INTTYPES_H 1
| #define HAVE_STDINT_H 1
| #define HAVE_UNISTD_H 1
| #define HAVE_DLFCN_H 1
| #define LT_OBJDIR ".libs/"
| /* end confdefs.h.  */
| #include <ac_nonexistent.h>
configure:12589: result: g++ -E
configure:12609: g++ -E  conftest.cpp
configure:12609: $? = 0
configure:12623: g++ -E  conftest.cpp
conftest.cpp:23:28: error: ac_nonexistent.h: No such file or directory
configure:12623: $? = 1
configure: failed program was:
| /* confdefs.h */
| #define PACKAGE_NAME ""
| #define PACKAGE_TARNAME ""
| #define PACKAGE_VERSION ""
| #define PACKAGE_STRING ""
| #define PACKAGE_BUGREPORT ""
| #define PACKAGE_URL ""
| #define PACKAGE "SDL_gfx"
| #define VERSION "2.0.24"
| #define STDC_HEADERS 1
| #define HAVE_SYS_TYPES_H 1
| #define HAVE_SYS_STAT_H 1
| #define HAVE_STDLIB_H 1
| #define HAVE_STRING_H 1
| #define HAVE_MEMORY_H 1
| #define HAVE_STRINGS_H 1
| #define HAVE_INTTYPES_H 1
| #define HAVE_STDINT_H 1
| #define HAVE_UNISTD_H 1
| #define HAVE_DLFCN_H 1
| #define LT_OBJDIR ".libs/"
| /* end confdefs.h.  */
| #include <ac_nonexistent.h>
configure:12791: checking for ld used by g++
configure:12858: result: /usr/bin/ld -m elf_x86_64
configure:12865: checking if the linker (/usr/bin/ld -m elf_x86_64) is GNU ld
configure:12880: result: yes
configure:12935: checking whether the g++ linker (/usr/bin/ld -m elf_x86_64) supports shared libraries
configure:13848: result: yes
configure:13876: g++ -c -g -O2  conftest.cpp >&5
configure:13879: $? = 0
configure:14061: checking for g++ option to produce PIC
configure:14378: result: -fPIC -DPIC
configure:14387: checking if g++ PIC flag -fPIC -DPIC works
configure:14405: g++ -c -g -O2  -fPIC -DPIC -DPIC conftest.cpp >&5
configure:14409: $? = 0
configure:14422: result: yes
configure:14443: checking if g++ static flag -static works
configure:14471: result: yes
configure:14483: checking if g++ supports -c -o file.o
configure:14504: g++ -c -g -O2  -o out/conftest2.o conftest.cpp >&5
configure:14508: $? = 0
configure:14530: result: yes
configure:14535: checking if g++ supports -c -o file.o
configure:14582: result: yes
configure:14612: checking whether the g++ linker (/usr/bin/ld -m elf_x86_64) supports shared libraries
configure:14641: result: yes
configure:14778: checking dynamic linker characteristics
configure:15159: g++ -o conftest -g -O2   -Wl,-rpath -Wl,/foo conftest.cpp  >&5
configure:15159: $? = 0
configure:15389: result: GNU/Linux ld.so
configure:15440: checking how to hardcode library paths into programs
configure:15465: result: immediate
configure:15506: checking for an ANSI C-conforming const
configure:15571: gcc -c -g -O2  conftest.c >&5
configure:15571: $? = 0
configure:15578: result: yes
configure:15623: checking for X
configure:15731: gcc -E  conftest.c
configure:15731: $? = 0
configure:15762: gcc -o conftest -g -O2   conftest.c -lX11  >&5
configure:15762: $? = 0
configure:15812: result: libraries , headers 
configure:15911: gcc -o conftest -g -O2   conftest.c   -lX11 >&5
configure:15911: $? = 0
configure:16009: checking for gethostbyname
configure:16009: gcc -o conftest -g -O2   conftest.c  >&5
configure:16009: $? = 0
configure:16009: result: yes
configure:16106: checking for connect
configure:16106: gcc -o conftest -g -O2   conftest.c  >&5
configure:16106: $? = 0
configure:16106: result: yes
configure:16155: checking for remove
configure:16155: gcc -o conftest -g -O2   conftest.c  >&5
configure:16155: $? = 0
configure:16155: result: yes
configure:16204: checking for shmat
configure:16204: gcc -o conftest -g -O2   conftest.c  >&5
configure:16204: $? = 0
configure:16204: result: yes
configure:16262: checking for IceConnectionNumber in -lICE
configure:16287: gcc -o conftest -g -O2   conftest.c -lICE   >&5
configure:16287: $? = 0
configure:16296: result: yes
configure:16323: checking size of long
configure:16328: gcc -o conftest -g -O2   conftest.c  -lm >&5
configure:16328: $? = 0
configure:16328: ./conftest
configure:16328: $? = 0
configure:16343: result: 8
configure:16404: checking for sdl-config
configure:16422: found /lusr/bin/sdl-config
configure:16435: result: /lusr/bin/sdl-config
configure:16445: checking for SDL - version >= 1.2.0
configure:16532: gcc -o conftest -g -O2 -I/lusr/opt/libsdl-1.2.14/include/SDL -D_GNU_SOURCE=1 -D_REENTRANT   conftest.c  -lm -L/lusr/opt/libsdl-1.2.14/lib -Wl,-rpath,/lusr/opt/libsdl-1.2.14/lib -lSDL -lpthread >&5
configure:16532: $? = 0
configure:16532: ./conftest
configure:16532: $? = 0
configure:16547: result: yes
configure:16791: creating ./config.status

## ---------------------- ##
## Running config.status. ##
## ---------------------- ##

This file was extended by config.status, which was
generated by GNU Autoconf 2.65.  Invocation command line was

  CONFIG_FILES    = 
  CONFIG_HEADERS  = 
  CONFIG_LINKS    = 
  CONFIG_COMMANDS = 
  $ ./config.status 

on streetpizza

config.status:1074: creating Makefile
config.status:1074: creating SDL_gfx.pc
config.status:1237: executing depfiles commands
config.status:1237: executing libtool commands

## ---------------- ##
## Cache variables. ##
## ---------------- ##

ac_cv_build=x86_64-unknown-linux-gnu
ac_cv_c_compiler_gnu=yes
ac_cv_c_const=yes
ac_cv_cxx_compiler_gnu=yes
ac_cv_env_CCC_set=
ac_cv_env_CCC_value=
ac_cv_env_CC_set=
ac_cv_env_CC_value=
ac_cv_env_CFLAGS_set=
ac_cv_env_CFLAGS_value=
ac_cv_env_CPPFLAGS_set=
ac_cv_env_CPPFLAGS_value=
ac_cv_env_CPP_set=
ac_cv_env_CPP_value=
ac_cv_env_CXXCPP_set=
ac_cv_env_CXXCPP_value=
ac_cv_env_CXXFLAGS_set=
ac_cv_env_CXXFLAGS_value=
ac_cv_env_CXX_set=
ac_cv_env_CXX_value=
ac_cv_env_LDFLAGS_set=
ac_cv_env_LDFLAGS_value=
ac_cv_env_LIBS_set=
ac_cv_env_LIBS_value=
ac_cv_env_XMKMF_set=
ac_cv_env_XMKMF_value=
ac_cv_env_build_alias_set=
ac_cv_env_build_alias_value=
ac_cv_env_host_alias_set=
ac_cv_env_host_alias_value=
ac_cv_env_target_alias_set=
ac_cv_env_target_alias_value=
ac_cv_func_connect=yes
ac_cv_func_gethostbyname=yes
ac_cv_func_remove=yes
ac_cv_func_shmat=yes
ac_cv_have_x='have_x=yes	ac_x_includes='\'''\''	ac_x_libraries='\'''\'''
ac_cv_header_dlfcn_h=yes
ac_cv_header_inttypes_h=yes
ac_cv_header_memory_h=yes
ac_cv_header_stdc=yes
ac_cv_header_stdint_h=yes
ac_cv_header_stdlib_h=yes
ac_cv_header_string_h=yes
ac_cv_header_strings_h=yes
ac_cv_header_sys_stat_h=yes
ac_cv_header_sys_types_h=yes
ac_cv_header_unistd_h=yes
ac_cv_host=x86_64-unknown-linux-gnu
ac_cv_lib_ICE_IceConnectionNumber=yes
ac_cv_objext=o
ac_cv_path_EGREP='/bin/grep -E'
ac_cv_path_FGREP='/bin/grep -F'
ac_cv_path_GREP=/bin/grep
ac_cv_path_SDL_CONFIG=/lusr/bin/sdl-config
ac_cv_path_SED=/bin/sed
ac_cv_path_install='/usr/bin/install -c'
ac_cv_path_mkdir=/bin/mkdir
ac_cv_prog_AWK=gawk
ac_cv_prog_CPP='gcc -E'
ac_cv_prog_CXXCPP='g++ -E'
ac_cv_prog_ac_ct_AR=ar
ac_cv_prog_ac_ct_CC=gcc
ac_cv_prog_ac_ct_CXX=g++
ac_cv_prog_ac_ct_OBJDUMP=objdump
ac_cv_prog_ac_ct_RANLIB=ranlib
ac_cv_prog_ac_ct_STRIP=strip
ac_cv_prog_cc_c89=
ac_cv_prog_cc_g=yes
ac_cv_prog_cxx_g=yes
ac_cv_prog_make_make_set=yes
ac_cv_sizeof_long=8
ac_cv_target=x86_64-unknown-linux-gnu
am_cv_CC_dependencies_compiler_type=gcc3
am_cv_CXX_dependencies_compiler_type=gcc3
lt_cv_deplibs_check_method=pass_all
lt_cv_file_magic_cmd='$MAGIC_CMD'
lt_cv_file_magic_test_file=
lt_cv_ld_reload_flag=-r
lt_cv_nm_interface='BSD nm'
lt_cv_objdir=.libs
lt_cv_path_LD=/usr/bin/ld
lt_cv_path_LDCXX='/usr/bin/ld -m elf_x86_64'
lt_cv_path_NM='/usr/bin/nm -B'
lt_cv_prog_compiler_c_o=yes
lt_cv_prog_compiler_c_o_CXX=yes
lt_cv_prog_compiler_pic_works=yes
lt_cv_prog_compiler_pic_works_CXX=yes
lt_cv_prog_compiler_rtti_exceptions=no
lt_cv_prog_compiler_static_works=yes
lt_cv_prog_compiler_static_works_CXX=yes
lt_cv_prog_gnu_ld=yes
lt_cv_prog_gnu_ldcxx=yes
lt_cv_sys_global_symbol_pipe='sed -n -e '\''s/^.*[	 ]\([ABCDGIRSTW][ABCDGIRSTW]*\)[	 ][	 ]*\([_A-Za-z][_A-Za-z0-9]*\)$/\1 \2 \2/p'\'''
lt_cv_sys_global_symbol_to_c_name_address='sed -n -e '\''s/^: \([^ ]*\) $/  {\"\1\", (void *) 0},/p'\'' -e '\''s/^[ABCDGIRSTW]* \([^ ]*\) \([^ ]*\)$/  {"\2", (void *) \&\2},/p'\'''
lt_cv_sys_global_symbol_to_c_name_address_lib_prefix='sed -n -e '\''s/^: \([^ ]*\) $/  {\"\1\", (void *) 0},/p'\'' -e '\''s/^[ABCDGIRSTW]* \([^ ]*\) \(lib[^ ]*\)$/  {"\2", (void *) \&\2},/p'\'' -e '\''s/^[ABCDGIRSTW]* \([^ ]*\) \([^ ]*\)$/  {"lib\2", (void *) \&\2},/p'\'''
lt_cv_sys_global_symbol_to_cdecl='sed -n -e '\''s/^T .* \(.*\)$/extern int \1();/p'\'' -e '\''s/^[ABCDGIRSTW]* .* \(.*\)$/extern char \1;/p'\'''
lt_cv_sys_max_cmd_len=1572864

## ----------------- ##
## Output variables. ##
## ----------------- ##

ACLOCAL='${SHELL} /u/cdonahue/AtariTEXPLORE/ale/liblocal/SDL_gfx-2.0.24/missing --run aclocal-1.11'
AMDEPBACKSLASH='\'
AMDEP_FALSE='#'
AMDEP_TRUE=''
AMTAR='${SHELL} /u/cdonahue/AtariTEXPLORE/ale/liblocal/SDL_gfx-2.0.24/missing --run tar'
AR='ar'
AS='as'
AUTOCONF='${SHELL} /u/cdonahue/AtariTEXPLORE/ale/liblocal/SDL_gfx-2.0.24/missing --run autoconf'
AUTOHEADER='${SHELL} /u/cdonahue/AtariTEXPLORE/ale/liblocal/SDL_gfx-2.0.24/missing --run autoheader'
AUTOMAKE='${SHELL} /u/cdonahue/AtariTEXPLORE/ale/liblocal/SDL_gfx-2.0.24/missing --run automake-1.11'
AWK='gawk'
BINARY_AGE='10'
CC='gcc'
CCDEPMODE='depmode=gcc3'
CFLAGS='-g -O2 -I/lusr/opt/libsdl-1.2.14/include/SDL -D_GNU_SOURCE=1 -D_REENTRANT'
CPP='gcc -E'
CPPFLAGS=''
CXX='g++'
CXXCPP='g++ -E'
CXXDEPMODE='depmode=gcc3'
CXXFLAGS='-g -O2'
CYGPATH_W='echo'
DEFS='-DPACKAGE_NAME=\"\" -DPACKAGE_TARNAME=\"\" -DPACKAGE_VERSION=\"\" -DPACKAGE_STRING=\"\" -DPACKAGE_BUGREPORT=\"\" -DPACKAGE_URL=\"\" -DPACKAGE=\"SDL_gfx\" -DVERSION=\"2.0.24\" -DSTDC_HEADERS=1 -DHAVE_SYS_TYPES_H=1 -DHAVE_SYS_STAT_H=1 -DHAVE_STDLIB_H=1 -DHAVE_STRING_H=1 -DHAVE_MEMORY_H=1 -DHAVE_STRINGS_H=1 -DHAVE_INTTYPES_H=1 -DHAVE_STDINT_H=1 -DHAVE_UNISTD_H=1 -DHAVE_DLFCN_H=1 -DLT_OBJDIR=\".libs/\" -DSIZEOF_LONG=8'
DEPDIR='.deps'
DLLTOOL='dlltool'
DSYMUTIL=''
DUMPBIN=''
ECHO_C=''
ECHO_N='-n'
ECHO_T=''
EGREP='/bin/grep -E'
EXEEXT=''
FGREP='/bin/grep -F'
GREP='/bin/grep'
INSTALL_DATA='${INSTALL} -m 644'
INSTALL_PROGRAM='${INSTALL}'
INSTALL_SCRIPT='${INSTALL}'
INSTALL_STRIP_PROGRAM='$(install_sh) -c -s'
INTERFACE_AGE='1'
LD='/usr/bin/ld -m elf_x86_64'
LDFLAGS=''
LIBOBJS=''
LIBS=' -lm -L/lusr/opt/libsdl-1.2.14/lib -Wl,-rpath,/lusr/opt/libsdl-1.2.14/lib -lSDL -lpthread'
LIBTOOL='$(SHELL) $(top_builddir)/libtool'
LIPO=''
LN_S='ln -s'
LTLIBOBJS=''
LT_AGE='9'
LT_CURRENT='23'
LT_RELEASE='2.0'
LT_REVISION='1'
MAJOR_VERSION='2'
MAKEINFO='${SHELL} /u/cdonahue/AtariTEXPLORE/ale/liblocal/SDL_gfx-2.0.24/missing --run makeinfo'
MATHLIB='-lm'
MICRO_VERSION='24'
MINOR_VERSION='0'
MKDIR_P='/bin/mkdir -p'
NM='/usr/bin/nm -B'
NMEDIT=''
OBJDUMP='objdump'
OBJEXT='o'
OTOOL64=''
OTOOL=''
PACKAGE='SDL_gfx'
PACKAGE_BUGREPORT=''
PACKAGE_NAME=''
PACKAGE_STRING=''
PACKAGE_TARNAME=''
PACKAGE_URL=''
PACKAGE_VERSION=''
PATH_SEPARATOR=':'
RANLIB='ranlib'
SDL_CFLAGS='-I/lusr/opt/libsdl-1.2.14/include/SDL -D_GNU_SOURCE=1 -D_REENTRANT'
SDL_CONFIG='/lusr/bin/sdl-config'
SDL_LIBS='-L/lusr/opt/libsdl-1.2.14/lib -Wl,-rpath,/lusr/opt/libsdl-1.2.14/lib -lSDL -lpthread'
SDL_VERSION='1.2.0'
SED='/bin/sed'
SET_MAKE=''
SHELL='/bin/bash'
STRIP='strip'
VERSION='2.0.24'
XMKMF=''
X_CFLAGS=''
X_EXTRA_LIBS=''
X_LIBS=''
X_PRE_LIBS=' -lSM -lICE'
ac_ct_CC='gcc'
ac_ct_CXX='g++'
ac_ct_DUMPBIN=''
am__EXEEXT_FALSE=''
am__EXEEXT_TRUE='#'
am__fastdepCC_FALSE='#'
am__fastdepCC_TRUE=''
am__fastdepCXX_FALSE='#'
am__fastdepCXX_TRUE=''
am__include='include'
am__isrc=''
am__leading_dot='.'
am__quote=''
am__tar='${AMTAR} chof - "$$tardir"'
am__untar='${AMTAR} xf -'
bindir='${exec_prefix}/bin'
build='x86_64-unknown-linux-gnu'
build_alias=''
build_cpu='x86_64'
build_os='linux-gnu'
build_vendor='unknown'
datadir='${datarootdir}'
datarootdir='${prefix}/share'
docdir='${datarootdir}/doc/${PACKAGE}'
dvidir='${docdir}'
exec_prefix='${prefix}'
host='x86_64-unknown-linux-gnu'
host_alias=''
host_cpu='x86_64'
host_os='linux-gnu'
host_vendor='unknown'
htmldir='${docdir}'
includedir='${prefix}/include'
infodir='${datarootdir}/info'
install_sh='${SHELL} /u/cdonahue/AtariTEXPLORE/ale/liblocal/SDL_gfx-2.0.24/install-sh'
libdir='${exec_prefix}/lib'
libexecdir='${exec_prefix}/libexec'
localedir='${datarootdir}/locale'
localstatedir='${prefix}/var'
lt_ECHO='echo'
mandir='${datarootdir}/man'
mkdir_p='/bin/mkdir -p'
oldincludedir='/usr/include'
pdfdir='${docdir}'
prefix='/usr/local'
program_transform_name='s,x,x,'
psdir='${docdir}'
sbindir='${exec_prefix}/sbin'
sharedstatedir='${prefix}/com'
sysconfdir='${prefix}/etc'
target='x86_64-unknown-linux-gnu'
target_alias=''
target_cpu='x86_64'
target_os='linux-gnu'
target_vendor='unknown'

## ----------- ##
## confdefs.h. ##
## ----------- ##

/* confdefs.h */
#define PACKAGE_NAME ""
#define PACKAGE_TARNAME ""
#define PACKAGE_VERSION ""
#define PACKAGE_STRING ""
#define PACKAGE_BUGREPORT ""
#define PACKAGE_URL ""
#define PACKAGE "SDL_gfx"
#define VERSION "2.0.24"
#define STDC_HEADERS 1
#define HAVE_SYS_TYPES_H 1
#define HAVE_SYS_STAT_H 1
#define HAVE_STDLIB_H 1
#define HAVE_STRING_H 1
#define HAVE_MEMORY_H 1
#define HAVE_STRINGS_H 1
#define HAVE_INTTYPES_H 1
#define HAVE_STDINT_H 1
#define HAVE_UNISTD_H 1
#define HAVE_DLFCN_H 1
#define LT_OBJDIR ".libs/"
#define SIZEOF_LONG 8

configure: exit 0
